  detectlinkerror.cpp
C:\Users\makot\Documents\GitHub\mymath\mymath\mymath\mymath.h(1047,65): warning C4244: '=': 'double' から 'T' への変換です。データが失われる可能性があります。
          with
          [
              T=float
          ]
C:\Users\makot\Documents\GitHub\mymath\mymath\mymath\mymath.h(1048,68): warning C4244: '=': 'double' から 'T' への変換です。データが失われる可能性があります。
          with
          [
              T=float
          ]
C:\Users\makot\Documents\GitHub\mymath\mymath\mymath\mymath.h(1049,68): warning C4244: '=': 'double' から 'T' への変換です。データが失われる可能性があります。
          with
          [
              T=float
          ]
C:\Users\makot\Documents\GitHub\mymath\mymath\mymath\mymath.h(1051,68): warning C4244: '=': 'double' から 'T' への変換です。データが失われる可能性があります。
          with
          [
              T=float
          ]
C:\Users\makot\Documents\GitHub\mymath\mymath\mymath\mymath.h(1052,65): warning C4244: '=': 'double' から 'T' への変換です。データが失われる可能性があります。
          with
          [
              T=float
          ]
C:\Users\makot\Documents\GitHub\mymath\mymath\mymath\mymath.h(1053,68): warning C4244: '=': 'double' から 'T' への変換です。データが失われる可能性があります。
          with
          [
              T=float
          ]
C:\Users\makot\Documents\GitHub\mymath\mymath\mymath\mymath.h(1055,68): warning C4244: '=': 'double' から 'T' への変換です。データが失われる可能性があります。
          with
          [
              T=float
          ]
C:\Users\makot\Documents\GitHub\mymath\mymath\mymath\mymath.h(1056,68): warning C4244: '=': 'double' から 'T' への変換です。データが失われる可能性があります。
          with
          [
              T=float
          ]
C:\Users\makot\Documents\GitHub\mymath\mymath\mymath\mymath.h(1057,65): warning C4244: '=': 'double' から 'T' への変換です。データが失われる可能性があります。
          with
          [
              T=float
          ]
C:\Users\makot\Documents\GitHub\mymath\mymath\mymath\mymath.h(1067,69): warning C4244: '=': 'double' から 'T' への変換です。データが失われる可能性があります。
          with
          [
              T=float
          ]
C:\Users\makot\Documents\GitHub\mymath\mymath\mymath\mymath.h(1068,68): warning C4244: '=': 'double' から 'T' への変換です。データが失われる可能性があります。
          with
          [
              T=float
          ]
C:\Users\makot\Documents\GitHub\mymath\mymath\mymath\mymath.h(1069,68): warning C4244: '=': 'double' から 'T' への変換です。データが失われる可能性があります。
          with
          [
              T=float
          ]
C:\Users\makot\Documents\GitHub\mymath\mymath\mymath\mymath.h(1071,68): warning C4244: '=': 'double' から 'T' への変換です。データが失われる可能性があります。
          with
          [
              T=float
          ]
C:\Users\makot\Documents\GitHub\mymath\mymath\mymath\mymath.h(1072,69): warning C4244: '=': 'double' から 'T' への変換です。データが失われる可能性があります。
          with
          [
              T=float
          ]
C:\Users\makot\Documents\GitHub\mymath\mymath\mymath\mymath.h(1073,68): warning C4244: '=': 'double' から 'T' への変換です。データが失われる可能性があります。
          with
          [
              T=float
          ]
C:\Users\makot\Documents\GitHub\mymath\mymath\mymath\mymath.h(1075,68): warning C4244: '=': 'double' から 'T' への変換です。データが失われる可能性があります。
          with
          [
              T=float
          ]
C:\Users\makot\Documents\GitHub\mymath\mymath\mymath\mymath.h(1076,68): warning C4244: '=': 'double' から 'T' への変換です。データが失われる可能性があります。
          with
          [
              T=float
          ]
C:\Users\makot\Documents\GitHub\mymath\mymath\mymath\mymath.h(1077,69): warning C4244: '=': 'double' から 'T' への変換です。データが失われる可能性があります。
          with
          [
              T=float
          ]
  geometryhelper.cpp
C:\Users\makot\Documents\GitHub\mymath\mymath\mymath\mymath.h(1047,65): warning C4244: '=': 'double' から 'T' への変換です。データが失われる可能性があります。
          with
          [
              T=float
          ]
C:\Users\makot\Documents\GitHub\mymath\mymath\mymath\mymath.h(1048,68): warning C4244: '=': 'double' から 'T' への変換です。データが失われる可能性があります。
          with
          [
              T=float
          ]
C:\Users\makot\Documents\GitHub\mymath\mymath\mymath\mymath.h(1049,68): warning C4244: '=': 'double' から 'T' への変換です。データが失われる可能性があります。
          with
          [
              T=float
          ]
C:\Users\makot\Documents\GitHub\mymath\mymath\mymath\mymath.h(1051,68): warning C4244: '=': 'double' から 'T' への変換です。データが失われる可能性があります。
          with
          [
              T=float
          ]
C:\Users\makot\Documents\GitHub\mymath\mymath\mymath\mymath.h(1052,65): warning C4244: '=': 'double' から 'T' への変換です。データが失われる可能性があります。
          with
          [
              T=float
          ]
C:\Users\makot\Documents\GitHub\mymath\mymath\mymath\mymath.h(1053,68): warning C4244: '=': 'double' から 'T' への変換です。データが失われる可能性があります。
          with
          [
              T=float
          ]
C:\Users\makot\Documents\GitHub\mymath\mymath\mymath\mymath.h(1055,68): warning C4244: '=': 'double' から 'T' への変換です。データが失われる可能性があります。
          with
          [
              T=float
          ]
C:\Users\makot\Documents\GitHub\mymath\mymath\mymath\mymath.h(1056,68): warning C4244: '=': 'double' から 'T' への変換です。データが失われる可能性があります。
          with
          [
              T=float
          ]
C:\Users\makot\Documents\GitHub\mymath\mymath\mymath\mymath.h(1057,65): warning C4244: '=': 'double' から 'T' への変換です。データが失われる可能性があります。
          with
          [
              T=float
          ]
C:\Users\makot\Documents\GitHub\mymath\mymath\mymath\mymath.h(1067,69): warning C4244: '=': 'double' から 'T' への変換です。データが失われる可能性があります。
          with
          [
              T=float
          ]
C:\Users\makot\Documents\GitHub\mymath\mymath\mymath\mymath.h(1068,68): warning C4244: '=': 'double' から 'T' への変換です。データが失われる可能性があります。
          with
          [
              T=float
          ]
C:\Users\makot\Documents\GitHub\mymath\mymath\mymath\mymath.h(1069,68): warning C4244: '=': 'double' から 'T' への変換です。データが失われる可能性があります。
          with
          [
              T=float
          ]
C:\Users\makot\Documents\GitHub\mymath\mymath\mymath\mymath.h(1071,68): warning C4244: '=': 'double' から 'T' への変換です。データが失われる可能性があります。
          with
          [
              T=float
          ]
C:\Users\makot\Documents\GitHub\mymath\mymath\mymath\mymath.h(1072,69): warning C4244: '=': 'double' から 'T' への変換です。データが失われる可能性があります。
          with
          [
              T=float
          ]
C:\Users\makot\Documents\GitHub\mymath\mymath\mymath\mymath.h(1073,68): warning C4244: '=': 'double' から 'T' への変換です。データが失われる可能性があります。
          with
          [
              T=float
          ]
C:\Users\makot\Documents\GitHub\mymath\mymath\mymath\mymath.h(1075,68): warning C4244: '=': 'double' から 'T' への変換です。データが失われる可能性があります。
          with
          [
              T=float
          ]
C:\Users\makot\Documents\GitHub\mymath\mymath\mymath\mymath.h(1076,68): warning C4244: '=': 'double' から 'T' への変換です。データが失われる可能性があります。
          with
          [
              T=float
          ]
C:\Users\makot\Documents\GitHub\mymath\mymath\mymath\mymath.h(1077,69): warning C4244: '=': 'double' から 'T' への変換です。データが失われる可能性があります。
          with
          [
              T=float
          ]
  mymath.cpp
C:\Users\makot\Documents\GitHub\mymath\mymath\mymath\Validator.h(42,1): warning C4267: '初期化中': 'size_t' から 'int' に変換しました。データが失われているかもしれません。
C:\Users\makot\Documents\GitHub\mymath\mymath\mymath\Validator.h(55,1): warning C4267: '初期化中': 'size_t' から 'int' に変換しました。データが失われているかもしれません。
C:\Users\makot\Documents\GitHub\mymath\mymath\mymath\Validator.h(102,1): warning C4267: '初期化中': 'size_t' から 'int' に変換しました。データが失われているかもしれません。
C:\Users\makot\Documents\GitHub\mymath\mymath\mymath\mymath.cpp(16,1): warning C4005: 'PI': マクロが再定義されました。
C:\Users\makot\Documents\GitHub\mymath\mymath\mymath\mymath.h(9): message : 'PI' の以前の定義を確認してください
C:\Users\makot\Documents\GitHub\mymath\mymath\mymath\mymath.cpp(41,67): warning C4244: '引数': 'double' から 'float' への変換です。データが失われる可能性があります。
C:\Users\makot\Documents\GitHub\mymath\mymath\mymath\mymath.cpp(44,67): warning C4244: '引数': 'double' から 'float' への変換です。データが失われる可能性があります。
C:\Users\makot\Documents\GitHub\mymath\mymath\mymath\mymath.cpp(47,67): warning C4244: '引数': 'double' から 'float' への変換です。データが失われる可能性があります。
C:\Users\makot\Documents\GitHub\mymath\mymath\mymath\mymath.cpp(79,19): warning C4244: '=': 'double' から 'float' への変換です。データが失われる可能性があります。
C:\Users\makot\Documents\GitHub\mymath\mymath\mymath\mymath.cpp(80,19): warning C4244: '=': 'double' から 'float' への変換です。データが失われる可能性があります。
C:\Users\makot\Documents\GitHub\mymath\mymath\mymath\mymath.cpp(81,19): warning C4244: '=': 'double' から 'float' への変換です。データが失われる可能性があります。
C:\Users\makot\Documents\GitHub\mymath\mymath\mymath\mymath.cpp(99,15): warning C4244: '初期化中': 'double' から 'float' への変換です。データが失われる可能性があります。
C:\Users\makot\Documents\GitHub\mymath\mymath\mymath\mymath.cpp(154,46): warning C4305: '引数': 'double' から 'float' へ切り詰めます。
C:\Users\makot\Documents\GitHub\mymath\mymath\mymath\mymath.cpp(160,51): warning C4305: '引数': 'double' から 'float' へ切り詰めます。
C:\Users\makot\Documents\GitHub\mymath\mymath\mymath\mymath.cpp(691,57): warning C4305: '引数': 'double' から 'T' へ切り詰めます。
          with
          [
              T=float
          ]
C:\Users\makot\Documents\GitHub\mymath\mymath\mymath\mymath.cpp(694,54): warning C4305: '引数': 'double' から 'T' へ切り詰めます。
          with
          [
              T=float
          ]
C:\Users\makot\Documents\GitHub\mymath\mymath\mymath\mymath.cpp(695,55): warning C4305: '引数': 'double' から 'T' へ切り詰めます。
          with
          [
              T=float
          ]
C:\Users\makot\Documents\GitHub\mymath\mymath\mymath\mymath.cpp(696,53): warning C4305: '引数': 'double' から 'T' へ切り詰めます。
          with
          [
              T=float
          ]
C:\Users\makot\Documents\GitHub\mymath\mymath\mymath\mymath.cpp(749,86): warning C4305: '引数': 'double' から 'float' へ切り詰めます。
C:\Users\makot\Documents\GitHub\mymath\mymath\mymath\mymath.cpp(1133,5): warning C4305: '初期化中': 'double' から 'float' へ切り詰めます。
  コードを生成中...
  mymath.vcxproj -> C:\Users\makot\Documents\GitHub\mymath\mymath\x64\Debug\mymath.exe
